<?xml version="1.0" encoding="UTF-8"?>
<testng-results skipped="0" failed="0" ignored="0" total="1" passed="1">
  <reporter-output>
  </reporter-output>
  <suite name="Default suite" duration-ms="43538" started-at="2018-03-08T17:37:46Z" finished-at="2018-03-08T17:38:30Z">
    <groups>
    </groups>
    <test name="Default test" duration-ms="43538" started-at="2018-03-08T17:37:46Z" finished-at="2018-03-08T17:38:30Z">
      <class name="Demo">
        <test-method status="PASS" signature="start()[pri:0, instance:Demo@3532ec19]" name="start" is-config="true" duration-ms="34789" started-at="2018-03-08T17:37:46Z" finished-at="2018-03-08T17:38:21Z">
          <reporter-output>
          </reporter-output>
        </test-method> <!-- start -->
        <test-method status="PASS" signature="searchWithInValidData()[pri:0, instance:Demo@3532ec19]" name="searchWithInValidData" duration-ms="8720" started-at="2018-03-08T17:38:21Z" finished-at="2018-03-08T17:38:30Z">
          <reporter-output>
          </reporter-output>
        </test-method> <!-- searchWithInValidData -->
      </class> <!-- Demo -->
    </test> <!-- Default test -->
  </suite> <!-- Default suite -->
</testng-results>
